[7;33m************* Module examples.reading_comprehension.match_lstm_mrc.train[0m
examples/reading_comprehension/match_lstm_mrc/train.py:129:4: R1722: [1;3;35mConsider using sys.exit()[0m ([1;3;35mconsider-using-sys-exit[0m)
examples/reading_comprehension/match_lstm_mrc/train.py:151:4: R1722: [1;3;35mConsider using sys.exit()[0m ([1;3;35mconsider-using-sys-exit[0m)
examples/reading_comprehension/match_lstm_mrc/train.py:129:4: R1722: [1;3;35mConsider using sys.exit()[0m ([1;3;35mconsider-using-sys-exit[0m)
examples/reading_comprehension/match_lstm_mrc/train.py:151:4: R1722: [1;3;35mConsider using sys.exit()[0m ([1;3;35mconsider-using-sys-exit[0m)
examples/reading_comprehension/match_lstm_mrc/train.py:129:4: R1722: [1;3;35mConsider using sys.exit()[0m ([1;3;35mconsider-using-sys-exit[0m)
examples/reading_comprehension/match_lstm_mrc/train.py:151:4: R1722: [1;3;35mConsider using sys.exit()[0m ([1;3;35mconsider-using-sys-exit[0m)
[7;33m************* Module examples.np_semantic_segmentation.preprocess_tratz2011[0m
examples/np_semantic_segmentation/preprocess_tratz2011.py:429:0: W1404: [35mImplicit string concatenation found in list[0m ([35mimplicit-str-concat[0m)
examples/reading_comprehension/match_lstm_mrc/train.py:129:4: R1722: [1;3;35mConsider using sys.exit()[0m ([1;3;35mconsider-using-sys-exit[0m)
examples/reading_comprehension/match_lstm_mrc/train.py:151:4: R1722: [1;3;35mConsider using sys.exit()[0m ([1;3;35mconsider-using-sys-exit[0m)
examples/np_semantic_segmentation/preprocess_tratz2011.py:429:0: W1404: [35mImplicit string concatenation found in list[0m ([35mimplicit-str-concat[0m)
examples/reading_comprehension/match_lstm_mrc/train.py:129:4: R1722: [1;3;35mConsider using sys.exit()[0m ([1;3;35mconsider-using-sys-exit[0m)
examples/reading_comprehension/match_lstm_mrc/train.py:151:4: R1722: [1;3;35mConsider using sys.exit()[0m ([1;3;35mconsider-using-sys-exit[0m)
examples/np_semantic_segmentation/preprocess_tratz2011.py:429:0: W1404: [35mImplicit string concatenation found in list[0m ([35mimplicit-str-concat[0m)
examples/reading_comprehension/match_lstm_mrc/train.py:129:4: R1722: [1;3;35mConsider using sys.exit()[0m ([1;3;35mconsider-using-sys-exit[0m)
examples/reading_comprehension/match_lstm_mrc/train.py:151:4: R1722: [1;3;35mConsider using sys.exit()[0m ([1;3;35mconsider-using-sys-exit[0m)
examples/np_semantic_segmentation/preprocess_tratz2011.py:429:0: W1404: [35mImplicit string concatenation found in list[0m ([35mimplicit-str-concat[0m)
examples/reading_comprehension/match_lstm_mrc/train.py:129:4: R1722: [1;3;35mConsider using sys.exit()[0m ([1;3;35mconsider-using-sys-exit[0m)
examples/reading_comprehension/match_lstm_mrc/train.py:151:4: R1722: [1;3;35mConsider using sys.exit()[0m ([1;3;35mconsider-using-sys-exit[0m)
examples/np_semantic_segmentation/preprocess_tratz2011.py:429:0: W1404: [35mImplicit string concatenation found in list[0m ([35mimplicit-str-concat[0m)
[7;33m************* Module examples.supervised_sentiment.optimize_example[0m
examples/supervised_sentiment/optimize_example.py:24:0: E0401: [1;31mUnable to import 'tensorflow.python.keras.callbacks'[0m ([1;31mimport-error[0m)
examples/supervised_sentiment/optimize_example.py:25:0: E0401: [1;31mUnable to import 'tensorflow.python.keras.preprocessing.sequence'[0m ([1;31mimport-error[0m)
examples/supervised_sentiment/optimize_example.py:26:0: E0401: [1;31mUnable to import 'tensorflow.python.keras.preprocessing.text'[0m ([1;31mimport-error[0m)
examples/supervised_sentiment/optimize_example.py:24:0: E0401: [1;31mUnable to import 'tensorflow.python.keras.callbacks'[0m ([1;31mimport-error[0m)
examples/supervised_sentiment/optimize_example.py:25:0: E0401: [1;31mUnable to import 'tensorflow.python.keras.preprocessing.sequence'[0m ([1;31mimport-error[0m)
examples/supervised_sentiment/optimize_example.py:26:0: E0401: [1;31mUnable to import 'tensorflow.python.keras.preprocessing.text'[0m ([1;31mimport-error[0m)
examples/reading_comprehension/match_lstm_mrc/train.py:129:4: R1722: [1;3;35mConsider using sys.exit()[0m ([1;3;35mconsider-using-sys-exit[0m)
examples/reading_comprehension/match_lstm_mrc/train.py:151:4: R1722: [1;3;35mConsider using sys.exit()[0m ([1;3;35mconsider-using-sys-exit[0m)
examples/np_semantic_segmentation/preprocess_tratz2011.py:429:0: W1404: [35mImplicit string concatenation found in list[0m ([35mimplicit-str-concat[0m)
[7;33m************* Module examples.supervised_sentiment.example_ensemble[0m
examples/supervised_sentiment/example_ensemble.py:40:0: E0401: [1;31mUnable to import 'tensorflow.python.keras.preprocessing.sequence'[0m ([1;31mimport-error[0m)
examples/supervised_sentiment/example_ensemble.py:41:0: E0401: [1;31mUnable to import 'tensorflow.python.keras.preprocessing.text'[0m ([1;31mimport-error[0m)
examples/supervised_sentiment/optimize_example.py:24:0: E0401: [1;31mUnable to import 'tensorflow.python.keras.callbacks'[0m ([1;31mimport-error[0m)
examples/supervised_sentiment/optimize_example.py:25:0: E0401: [1;31mUnable to import 'tensorflow.python.keras.preprocessing.sequence'[0m ([1;31mimport-error[0m)
examples/supervised_sentiment/optimize_example.py:26:0: E0401: [1;31mUnable to import 'tensorflow.python.keras.preprocessing.text'[0m ([1;31mimport-error[0m)
examples/supervised_sentiment/optimize_example.py:24:0: E0401: [1;31mUnable to import 'tensorflow.python.keras.callbacks'[0m ([1;31mimport-error[0m)
examples/supervised_sentiment/optimize_example.py:25:0: E0401: [1;31mUnable to import 'tensorflow.python.keras.preprocessing.sequence'[0m ([1;31mimport-error[0m)
examples/supervised_sentiment/optimize_example.py:26:0: E0401: [1;31mUnable to import 'tensorflow.python.keras.preprocessing.text'[0m ([1;31mimport-error[0m)
examples/supervised_sentiment/optimize_example.py:24:0: E0401: [1;31mUnable to import 'tensorflow.python.keras.callbacks'[0m ([1;31mimport-error[0m)
examples/supervised_sentiment/optimize_example.py:25:0: E0401: [1;31mUnable to import 'tensorflow.python.keras.preprocessing.sequence'[0m ([1;31mimport-error[0m)
examples/supervised_sentiment/optimize_example.py:26:0: E0401: [1;31mUnable to import 'tensorflow.python.keras.preprocessing.text'[0m ([1;31mimport-error[0m)
examples/supervised_sentiment/optimize_example.py:24:0: E0401: [1;31mUnable to import 'tensorflow.python.keras.callbacks'[0m ([1;31mimport-error[0m)
examples/supervised_sentiment/optimize_example.py:25:0: E0401: [1;31mUnable to import 'tensorflow.python.keras.preprocessing.sequence'[0m ([1;31mimport-error[0m)
examples/supervised_sentiment/optimize_example.py:26:0: E0401: [1;31mUnable to import 'tensorflow.python.keras.preprocessing.text'[0m ([1;31mimport-error[0m)
examples/supervised_sentiment/optimize_example.py:24:0: E0401: [1;31mUnable to import 'tensorflow.python.keras.callbacks'[0m ([1;31mimport-error[0m)
examples/supervised_sentiment/optimize_example.py:25:0: E0401: [1;31mUnable to import 'tensorflow.python.keras.preprocessing.sequence'[0m ([1;31mimport-error[0m)
examples/supervised_sentiment/optimize_example.py:26:0: E0401: [1;31mUnable to import 'tensorflow.python.keras.preprocessing.text'[0m ([1;31mimport-error[0m)
examples/supervised_sentiment/optimize_example.py:24:0: E0401: [1;31mUnable to import 'tensorflow.python.keras.callbacks'[0m ([1;31mimport-error[0m)
examples/supervised_sentiment/optimize_example.py:25:0: E0401: [1;31mUnable to import 'tensorflow.python.keras.preprocessing.sequence'[0m ([1;31mimport-error[0m)
examples/supervised_sentiment/optimize_example.py:26:0: E0401: [1;31mUnable to import 'tensorflow.python.keras.preprocessing.text'[0m ([1;31mimport-error[0m)
examples/supervised_sentiment/optimize_example.py:24:0: E0401: [1;31mUnable to import 'tensorflow.python.keras.callbacks'[0m ([1;31mimport-error[0m)
examples/supervised_sentiment/optimize_example.py:25:0: E0401: [1;31mUnable to import 'tensorflow.python.keras.preprocessing.sequence'[0m ([1;31mimport-error[0m)
examples/supervised_sentiment/optimize_example.py:26:0: E0401: [1;31mUnable to import 'tensorflow.python.keras.preprocessing.text'[0m ([1;31mimport-error[0m)
examples/supervised_sentiment/optimize_example.py:24:0: E0401: [1;31mUnable to import 'tensorflow.python.keras.callbacks'[0m ([1;31mimport-error[0m)
examples/supervised_sentiment/optimize_example.py:25:0: E0401: [1;31mUnable to import 'tensorflow.python.keras.preprocessing.sequence'[0m ([1;31mimport-error[0m)
examples/supervised_sentiment/optimize_example.py:26:0: E0401: [1;31mUnable to import 'tensorflow.python.keras.preprocessing.text'[0m ([1;31mimport-error[0m)
examples/supervised_sentiment/optimize_example.py:24:0: E0401: [1;31mUnable to import 'tensorflow.python.keras.callbacks'[0m ([1;31mimport-error[0m)
examples/supervised_sentiment/optimize_example.py:25:0: E0401: [1;31mUnable to import 'tensorflow.python.keras.preprocessing.sequence'[0m ([1;31mimport-error[0m)
examples/supervised_sentiment/optimize_example.py:26:0: E0401: [1;31mUnable to import 'tensorflow.python.keras.preprocessing.text'[0m ([1;31mimport-error[0m)
examples/reading_comprehension/match_lstm_mrc/train.py:129:4: R1722: [1;3;35mConsider using sys.exit()[0m ([1;3;35mconsider-using-sys-exit[0m)
examples/reading_comprehension/match_lstm_mrc/train.py:151:4: R1722: [1;3;35mConsider using sys.exit()[0m ([1;3;35mconsider-using-sys-exit[0m)
examples/np_semantic_segmentation/preprocess_tratz2011.py:429:0: W1404: [35mImplicit string concatenation found in list[0m ([35mimplicit-str-concat[0m)
examples/supervised_sentiment/example_ensemble.py:40:0: E0401: [1;31mUnable to import 'tensorflow.python.keras.preprocessing.sequence'[0m ([1;31mimport-error[0m)
examples/supervised_sentiment/example_ensemble.py:41:0: E0401: [1;31mUnable to import 'tensorflow.python.keras.preprocessing.text'[0m ([1;31mimport-error[0m)
examples/reading_comprehension/match_lstm_mrc/train.py:129:4: R1722: [1;3;35mConsider using sys.exit()[0m ([1;3;35mconsider-using-sys-exit[0m)
examples/reading_comprehension/match_lstm_mrc/train.py:151:4: R1722: [1;3;35mConsider using sys.exit()[0m ([1;3;35mconsider-using-sys-exit[0m)
examples/np_semantic_segmentation/preprocess_tratz2011.py:429:0: W1404: [35mImplicit string concatenation found in list[0m ([35mimplicit-str-concat[0m)
examples/supervised_sentiment/example_ensemble.py:40:0: E0401: [1;31mUnable to import 'tensorflow.python.keras.preprocessing.sequence'[0m ([1;31mimport-error[0m)
examples/supervised_sentiment/example_ensemble.py:41:0: E0401: [1;31mUnable to import 'tensorflow.python.keras.preprocessing.text'[0m ([1;31mimport-error[0m)
examples/reading_comprehension/match_lstm_mrc/train.py:129:4: R1722: [1;3;35mConsider using sys.exit()[0m ([1;3;35mconsider-using-sys-exit[0m)
examples/reading_comprehension/match_lstm_mrc/train.py:151:4: R1722: [1;3;35mConsider using sys.exit()[0m ([1;3;35mconsider-using-sys-exit[0m)
examples/np_semantic_segmentation/preprocess_tratz2011.py:429:0: W1404: [35mImplicit string concatenation found in list[0m ([35mimplicit-str-concat[0m)
examples/supervised_sentiment/example_ensemble.py:40:0: E0401: [1;31mUnable to import 'tensorflow.python.keras.preprocessing.sequence'[0m ([1;31mimport-error[0m)
examples/supervised_sentiment/example_ensemble.py:41:0: E0401: [1;31mUnable to import 'tensorflow.python.keras.preprocessing.text'[0m ([1;31mimport-error[0m)
examples/reading_comprehension/match_lstm_mrc/train.py:129:4: R1722: [1;3;35mConsider using sys.exit()[0m ([1;3;35mconsider-using-sys-exit[0m)
examples/reading_comprehension/match_lstm_mrc/train.py:151:4: R1722: [1;3;35mConsider using sys.exit()[0m ([1;3;35mconsider-using-sys-exit[0m)
examples/np_semantic_segmentation/preprocess_tratz2011.py:429:0: W1404: [35mImplicit string concatenation found in list[0m ([35mimplicit-str-concat[0m)
examples/supervised_sentiment/example_ensemble.py:40:0: E0401: [1;31mUnable to import 'tensorflow.python.keras.preprocessing.sequence'[0m ([1;31mimport-error[0m)
examples/supervised_sentiment/example_ensemble.py:41:0: E0401: [1;31mUnable to import 'tensorflow.python.keras.preprocessing.text'[0m ([1;31mimport-error[0m)
examples/reading_comprehension/match_lstm_mrc/train.py:129:4: R1722: [1;3;35mConsider using sys.exit()[0m ([1;3;35mconsider-using-sys-exit[0m)
examples/reading_comprehension/match_lstm_mrc/train.py:151:4: R1722: [1;3;35mConsider using sys.exit()[0m ([1;3;35mconsider-using-sys-exit[0m)
examples/np_semantic_segmentation/preprocess_tratz2011.py:429:0: W1404: [35mImplicit string concatenation found in list[0m ([35mimplicit-str-concat[0m)
examples/supervised_sentiment/example_ensemble.py:40:0: E0401: [1;31mUnable to import 'tensorflow.python.keras.preprocessing.sequence'[0m ([1;31mimport-error[0m)
examples/supervised_sentiment/example_ensemble.py:41:0: E0401: [1;31mUnable to import 'tensorflow.python.keras.preprocessing.text'[0m ([1;31mimport-error[0m)
examples/reading_comprehension/match_lstm_mrc/train.py:129:4: R1722: [1;3;35mConsider using sys.exit()[0m ([1;3;35mconsider-using-sys-exit[0m)
examples/reading_comprehension/match_lstm_mrc/train.py:151:4: R1722: [1;3;35mConsider using sys.exit()[0m ([1;3;35mconsider-using-sys-exit[0m)
examples/np_semantic_segmentation/preprocess_tratz2011.py:429:0: W1404: [35mImplicit string concatenation found in list[0m ([35mimplicit-str-concat[0m)
examples/supervised_sentiment/example_ensemble.py:40:0: E0401: [1;31mUnable to import 'tensorflow.python.keras.preprocessing.sequence'[0m ([1;31mimport-error[0m)
examples/supervised_sentiment/example_ensemble.py:41:0: E0401: [1;31mUnable to import 'tensorflow.python.keras.preprocessing.text'[0m ([1;31mimport-error[0m)
examples/supervised_sentiment/optimize_example.py:24:0: E0401: [1;31mUnable to import 'tensorflow.python.keras.callbacks'[0m ([1;31mimport-error[0m)
examples/supervised_sentiment/optimize_example.py:25:0: E0401: [1;31mUnable to import 'tensorflow.python.keras.preprocessing.sequence'[0m ([1;31mimport-error[0m)
examples/supervised_sentiment/optimize_example.py:26:0: E0401: [1;31mUnable to import 'tensorflow.python.keras.preprocessing.text'[0m ([1;31mimport-error[0m)
examples/supervised_sentiment/optimize_example.py:24:0: E0401: [1;31mUnable to import 'tensorflow.python.keras.callbacks'[0m ([1;31mimport-error[0m)
examples/supervised_sentiment/optimize_example.py:25:0: E0401: [1;31mUnable to import 'tensorflow.python.keras.preprocessing.sequence'[0m ([1;31mimport-error[0m)
examples/supervised_sentiment/optimize_example.py:26:0: E0401: [1;31mUnable to import 'tensorflow.python.keras.preprocessing.text'[0m ([1;31mimport-error[0m)
examples/supervised_sentiment/optimize_example.py:24:0: E0401: [1;31mUnable to import 'tensorflow.python.keras.callbacks'[0m ([1;31mimport-error[0m)
examples/supervised_sentiment/optimize_example.py:25:0: E0401: [1;31mUnable to import 'tensorflow.python.keras.preprocessing.sequence'[0m ([1;31mimport-error[0m)
examples/supervised_sentiment/optimize_example.py:26:0: E0401: [1;31mUnable to import 'tensorflow.python.keras.preprocessing.text'[0m ([1;31mimport-error[0m)
examples/reading_comprehension/match_lstm_mrc/train.py:129:4: R1722: [1;3;35mConsider using sys.exit()[0m ([1;3;35mconsider-using-sys-exit[0m)
examples/reading_comprehension/match_lstm_mrc/train.py:151:4: R1722: [1;3;35mConsider using sys.exit()[0m ([1;3;35mconsider-using-sys-exit[0m)
examples/np_semantic_segmentation/preprocess_tratz2011.py:429:0: W1404: [35mImplicit string concatenation found in list[0m ([35mimplicit-str-concat[0m)
examples/supervised_sentiment/example_ensemble.py:40:0: E0401: [1;31mUnable to import 'tensorflow.python.keras.preprocessing.sequence'[0m ([1;31mimport-error[0m)
examples/supervised_sentiment/example_ensemble.py:41:0: E0401: [1;31mUnable to import 'tensorflow.python.keras.preprocessing.text'[0m ([1;31mimport-error[0m)
[7;33m************* Module examples.sparse_gnmt.gnmt.utils.vocab_utils[0m
examples/sparse_gnmt/gnmt/utils/vocab_utils.py:45:0: E0401: [1;31mUnable to import 'tensorflow.python.ops'[0m ([1;31mimport-error[0m)
[7;33m************* Module examples.word_language_model_with_tcn.adding_problem.adding_model[0m
examples/word_language_model_with_tcn/adding_problem/adding_model.py:30:8: R1725: [1;3;35mConsider using Python 3 style super() without arguments[0m ([1;3;35msuper-with-arguments[0m)
[7;33m************* Module examples.word_language_model_with_tcn.mle_language_model.lm_model[0m
examples/word_language_model_with_tcn/mle_language_model/lm_model.py:31:8: R1725: [1;3;35mConsider using Python 3 style super() without arguments[0m ([1;3;35msuper-with-arguments[0m)
examples/word_language_model_with_tcn/mle_language_model/lm_model.py:31:8: R1725: [1;3;35mConsider using Python 3 style super() without arguments[0m ([1;3;35msuper-with-arguments[0m)
examples/word_language_model_with_tcn/mle_language_model/lm_model.py:31:8: R1725: [1;3;35mConsider using Python 3 style super() without arguments[0m ([1;3;35msuper-with-arguments[0m)
examples/word_language_model_with_tcn/mle_language_model/lm_model.py:31:8: R1725: [1;3;35mConsider using Python 3 style super() without arguments[0m ([1;3;35msuper-with-arguments[0m)
examples/word_language_model_with_tcn/mle_language_model/lm_model.py:31:8: R1725: [1;3;35mConsider using Python 3 style super() without arguments[0m ([1;3;35msuper-with-arguments[0m)
[7;33m************* Module examples.reading_comprehension.match_lstm_mrc.prepare_data[0m
examples/reading_comprehension/match_lstm_mrc/prepare_data.py:228:8: R1722: [1;3;35mConsider using sys.exit()[0m ([1;3;35mconsider-using-sys-exit[0m)
examples/reading_comprehension/match_lstm_mrc/prepare_data.py:228:8: R1722: [1;3;35mConsider using sys.exit()[0m ([1;3;35mconsider-using-sys-exit[0m)
examples/word_language_model_with_tcn/mle_language_model/lm_model.py:31:8: R1725: [1;3;35mConsider using Python 3 style super() without arguments[0m ([1;3;35msuper-with-arguments[0m)
